make all --print-data-base --no-builtin-variables --no-builtin-rules --question
# GNU Make 4.3
# Built for x86_64-redhat-linux-gnu
# Copyright (C) 1988-2020 Free Software Foundation, Inc.
# License GPLv3+: GNU GPL version 3 or later <http://gnu.org/licenses/gpl.html>
# This is free software: you are free to change and redistribute it.
# There is NO WARRANTY, to the extent permitted by law.

# Make data base, printed on Fri Aug 19 20:10:23 2022

# Variables

# environment
GDK_BACKEND = x11
# environment
LC_ALL = C
# environment
NO_AT_BRIDGE = 1
# environment
TERMINATOR_DBUS_NAME = net.tenshu.Terminator21a9d5db22c73a993ff0b42f64b396873
# environment
STARSHIP_SESSION_KEY = 4056292801091818
# environment
VSCODE_CWD = /home/arnab/Desktop/Notes/Compiler-Design/lab/lab-02
# environment
WINDOWPATH = 2
# environment
TERMINATOR_UUID = urn:uuid:daddf53b-727e-43e3-8917-f00b301da99b
# environment
GDM_LANG = en_US.UTF-8
# default
MAKE_COMMAND := make
# automatic
@D = $(patsubst %/,%,$(dir $@))
# environment
VSCODE_HANDLES_UNCAUGHT_ERRORS = true
# default
.VARIABLES := 
# environment
PWD = /home/arnab/Desktop/Notes/Compiler-Design/lab/lab-02
# automatic
%D = $(patsubst %/,%,$(dir $%))
# environment
HOSTNAME = fedora
# environment
MAIL = /var/spool/mail/arnab
# makefile (from 'Makefile', line 4)
OBJFILES = lexer.o
# environment
XDG_DATA_DIRS = /home/arnab/.local/share/flatpak/exports/share:/var/lib/flatpak/exports/share:/usr/local/share/:/usr/share/
# environment
OLDPWD = /home/arnab/Desktop/Notes/Compiler-Design/lab
# automatic
^D = $(patsubst %/,%,$(dir $^))
# automatic
%F = $(notdir $%)
# environment
VSCODE_CODE_CACHE_PATH = /home/arnab/.config/Code/CachedData/3b889b090b5ad5793f524b5d1d39fda662b96a2a
# environment
LANG = C
# environment
XAUTHORITY = /run/user/1000/gdm/Xauthority
# default
.LOADED := 
# default
.INCLUDE_DIRS = /usr/include /usr/local/include /usr/include
# makefile
MAKEFLAGS = pqrR
# environment
TERMINATOR_DBUS_PATH = /net/tenshu/Terminator2
# makefile
CURDIR := /home/arnab/Desktop/Notes/Compiler-Design/lab/lab-02
# environment
APPLICATION_INSIGHTS_NO_DIAGNOSTIC_CHANNEL = true
# environment
LESSOPEN = ||/usr/bin/lesspipe.sh %s
# automatic
*D = $(patsubst %/,%,$(dir $*))
# environment
MFLAGS = -pqrR
# environment
SSH_AUTH_SOCK = /run/user/1000/keyring/ssh
# default
.SHELLFLAGS := -c
# environment
HISTSIZE = 1000
# automatic
+D = $(patsubst %/,%,$(dir $+))
# environment
XDG_SESSION_DESKTOP = gnome-xorg
# makefile (from 'Makefile', line 1)
MAKEFILE_LIST := Makefile
# automatic
@F = $(notdir $@)
# environment
VSCODE_PID = 89775
# environment
XDG_SESSION_TYPE = x11
# automatic
?D = $(patsubst %/,%,$(dir $?))
# environment
SESSION_MANAGER = local/unix:@/tmp/.ICE-unix/1797,unix/unix:/tmp/.ICE-unix/1797
# automatic
*F = $(notdir $*)
# environment
IBUS_DISABLE_SNOOPER = 1
# environment
CHROME_DESKTOP = code-url-handler.desktop
# environment
DBUS_SESSION_BUS_ADDRESS = unix:path=/run/user/1000/bus
# automatic
<D = $(patsubst %/,%,$(dir $<))
# environment
VSCODE_NLS_CONFIG = {"locale":"en-us","availableLanguages":{},"_languagePackSupport":true}
# default
MAKE_HOST := x86_64-redhat-linux-gnu
# environment
FUNCNEST = 100
# makefile
SHELL = /bin/sh
# default
MAKECMDGOALS := all
# environment
XMODIFIERS = @im=ibus
# environment
SHLVL = 2
# environment
MAKELEVEL := 0
# default
MAKE = $(MAKE_COMMAND)
# environment
PATH = ~/.local/bin:/home/arnab/.autojump/bin:/usr/local/bin:/usr/local/sbin:/usr/bin:/usr/sbin
# default
MAKEFILES := 
# automatic
^F = $(notdir $^)
# environment
INVOCATION_ID = 82eb1badc0db44c98a7f7192af01dba5
# environment
USERNAME = arnab
# automatic
?F = $(notdir $?)
# environment
AUTOJUMP_SOURCED = 1
# environment
XDG_CURRENT_DESKTOP = GNOME
# automatic
+F = $(notdir $+)
# environment
DESKTOP_SESSION = gnome-xorg
# environment
ORIGINAL_XDG_CURRENT_DESKTOP = GNOME
# 'override' directive
GNUMAKEFLAGS := 
# environment
LOGNAME = arnab
# makefile
.DEFAULT_GOAL := all
# environment
SYSTEMD_EXEC_PID = 2034
# environment
AUTOJUMP_ERROR_PATH = /home/arnab/.local/share/autojump/errors.log
# environment
HISTCONTROL = ignoredups
# environment
EDITOR = /usr/bin/nano
# environment
DISPLAY = :0
# environment
USER = arnab
# default
MAKE_VERSION := 4.3
# environment
MANAGERPID = 1568
# environment
which_declare = declare -f
# environment
DEBUGINFOD_URLS = https://debuginfod.fedoraproject.org/ 
# environment
STARSHIP_SHELL = bash
# environment
GIO_LAUNCHED_DESKTOP_FILE_PID = 5015
# environment
SSH_AGENT_PID = 1740
# environment
_ = /usr/bin/make
# environment
XDG_RUNTIME_DIR = /run/user/1000
# makefile (from 'Makefile', line 2)
CFLAGS = -Wall -Wextra -Werror
# environment
COLORTERM = truecolor
# environment
JOURNAL_STREAM = 8:34142
# environment
XDG_SESSION_CLASS = user
# environment
VSCODE_AMD_ENTRYPOINT = vs/workbench/api/node/extensionHostProcess
# environment
HOME = /home/arnab
# environment
QT_IM_MODULE = ibus
# environment
ELECTRON_RUN_AS_NODE = 1
# environment
VSCODE_IPC_HOOK = /run/user/1000/vscode-7f44efa3-1.69.2-main.sock
# environment
TERM = xterm-256color
# default
.RECIPEPREFIX := 
# automatic
<F = $(notdir $<)
# default
SUFFIXES := 
# makefile (from 'Makefile', line 3)
TARGET = lexer
# environment
VSCODE_CLI = 1
# environment
ELECTRON_NO_ATTACH_CONSOLE = 1
# environment
VTE_VERSION = 6800
# default
.FEATURES := target-specific order-only second-expansion else-if shortest-stem undefine oneshell nocomment grouped-target extra-prereqs archives jobserver output-sync check-symlink guile load
# makefile (from 'Makefile', line 1)
CXX = gcc
# environment
XDG_MENU_PREFIX = gnome-
# environment
GDMSESSION = gnome-xorg
# variable set hash-table stats:
# Load=109/1024=11%, Rehash=0, Collisions=5/147=3%

# Pattern-specific Variable Values

# No pattern-specific variable values.

# Directories

# . (device 2066, inode 8916464): 11 files, no impossibilities.

# 11 files, no impossibilities in 1 directories.

# Implicit Rules

# No implicit rules.

# Files

# Not a target:
Makefile:
#  Implicit rule search has been done.
#  Last modified 2022-08-13 12:04:22.550054681
#  File has been updated.
#  Successfully updated.

# Not a target:
lexer.c:
#  Implicit rule search has been done.
#  Last modified 2022-08-13 13:56:24.965829315
#  File has been updated.
#  Successfully updated.

clean:
#  Implicit rule search has not been done.
#  Modification time never checked.
#  File has not been updated.
#  recipe to execute (from 'Makefile', line 15):
	rm -f ${TARGET} ${OBJFILES}

lexer.o: lexer.c
#  Implicit rule search has not been done.
#  Implicit/static pattern stem: ''
#  Last modified 2022-08-13 13:21:13.03317849
#  File has been updated.
#  Needs to be updated (-q is set).
# automatic
# @ := lexer.o
# automatic
# * := 
# automatic
# < := lexer.c
# automatic
# + := lexer.c
# automatic
# % := 
# automatic
# ^ := lexer.c
# automatic
# ? := lexer.c
# automatic
# | := 
# variable set hash-table stats:
 
# Load=8/32=25%, Rehash=0, Collisions=1/13=8%
#  recipe to execute (from 'Makefile', line 12):
	${CXX} ${CFLAGS} -O -c lexer.c

# Not a target:
.DEFAULT:
#  Implicit rule search has not been done.
#  Modification time never checked.
#  File has not been updated.

all: lexer
#  Command line target.
#  Implicit rule search has been done.
#  File does not exist.
#  File has been updated.
#  Needs to be updated (-q is set).
# variable set hash-table stats:
# Load=0/32=0%, Rehash=0, Collisions=0/5=0%

lexer: lexer.o
#  Implicit rule search has not been done.
#  Last modified 2022-08-13 13:21:13.060179012
#  File has been updated.
#  Needs to be updated (-q is set).
# variable set hash-table stats:
# Load=0/32=0%, Rehash=0, Collisions=0/5=0%
#  recipe to execute (from 'Makefile', line 9):
	${CXX} ${OBJFILES} -o ${TARGET}

# Not a target:
.SUFFIXES:
#  Implicit rule search has not been done.
#  Modification time never checked.
#  File has not been updated.

# files hash-table stats:
# Load=8/1024=1%, Rehash=0, Collisions=0/25=0%
# VPATH Search Paths

# No 'vpath' search paths.

# No general ('VPATH' variable) search path.

# strcache buffers: 1 (0) / strings = 17 / storage = 135 B / avg = 7 B
# current buf: size = 8162 B / used = 135 B / count = 17 / avg = 7 B

# strcache performance: lookups = 32 / hit rate = 46%
# hash-table stats:
# Load=17/8192=0%, Rehash=0, Collisions=0/32=0%
# Finished Make data base on Fri Aug 19 20:10:23 2022

 
